android/app/build/intermediates/manifest_merge_blame_file/release/manifest-merger-blame-release-report.txt
1<?xml version="1.0" encoding="utf-8"?>
2<manifest xmlns:android="http://schemas.android.com/apk/res/android"
3    package="com.example.jop_task"
4    android:versionCode="1"
5    android:versionName="1.0.0" >
6
7    <uses-sdk
8        android:minSdkVersion="21"
9        android:targetSdkVersion="35" />
10
11    <uses-permission android:name="android.permission.INTERNET" />
11-->src\main\AndroidManifest.xml:2:5-66
11-->src\main\AndroidManifest.xml:2:22-64
12    <!--
13         Required to query activities that can process text, see:
14         https://developer.android.com/training/package-visibility and
15         https://developer.android.com/reference/android/content/Intent#ACTION_PROCESS_TEXT.
16
17         In particular, this is used by the Flutter engine in io.flutter.plugin.text.ProcessTextPlugin.
18    -->
19    <queries>
19-->src\main\AndroidManifest.xml:42:5-47:15
20        <intent>
20-->src\main\AndroidManifest.xml:43:9-46:18
21            <action android:name="android.intent.action.PROCESS_TEXT" />
21-->src\main\AndroidManifest.xml:44:13-72
21-->src\main\AndroidManifest.xml:44:21-70
22
23            <data android:mimeType="text/plain" />
23-->src\main\AndroidManifest.xml:45:13-50
23-->src\main\AndroidManifest.xml:45:19-48
24        </intent>
25    </queries>
26
27    <uses-permission android:name="android.permission.CAMERA" />
27-->[:mobile_scanner] AndroidManifest.xml:7:5-65
27-->[:mobile_scanner] AndroidManifest.xml:7:22-62
28
29    <uses-feature
29-->[:mobile_scanner] AndroidManifest.xml:9:5-11:36
30        android:name="android.hardware.camera"
30-->[:mobile_scanner] AndroidManifest.xml:10:9-47
31        android:required="false" />
31-->[:mobile_scanner] AndroidManifest.xml:11:9-33
32
33    <permission
33-->[androidx.core:core:1.13.1] AndroidManifest.xml:22:5-24:47
34        android:name="com.example.jop_task.DYNAMIC_RECEIVER_NOT_EXPORTED_PERMISSION"
34-->[androidx.core:core:1.13.1] AndroidManifest.xml:23:9-81
35        android:protectionLevel="signature" />
35-->[androidx.core:core:1.13.1] AndroidManifest.xml:24:9-44
36
37    <uses-permission android:name="com.example.jop_task.DYNAMIC_RECEIVER_NOT_EXPORTED_PERMISSION" /> <!-- Although the *SdkVersion is captured in gradle build files, this is required for non gradle builds -->
37-->[androidx.core:core:1.13.1] AndroidManifest.xml:26:5-97
37-->[androidx.core:core:1.13.1] AndroidManifest.xml:26:22-94
38    <!-- <uses-sdk android:minSdkVersion="14"/> -->
39    <uses-permission android:name="android.permission.ACCESS_NETWORK_STATE" />
39-->[com.google.android.datatransport:transport-backend-cct:2.3.3] AndroidManifest.xml:25:5-79
39-->[com.google.android.datatransport:transport-backend-cct:2.3.3] AndroidManifest.xml:25:22-76
40
41    <uses-feature
41-->[com.journeyapps:zxing-android-embedded:4.3.0] AndroidManifest.xml:28:5-30:36
42        android:name="android.hardware.camera.front"
42-->[com.journeyapps:zxing-android-embedded:4.3.0] AndroidManifest.xml:29:9-53
43        android:required="false" /> <!-- TODO replace above two with next line after Android 4.2 -->
43-->[com.journeyapps:zxing-android-embedded:4.3.0] AndroidManifest.xml:30:9-33
44    <!-- <uses-feature android:name="android.hardware.camera.any"/> -->
45    <uses-feature
45-->[com.journeyapps:zxing-android-embedded:4.3.0] AndroidManifest.xml:33:5-35:36
46        android:name="android.hardware.camera.autofocus"
46-->[com.journeyapps:zxing-android-embedded:4.3.0] AndroidManifest.xml:34:9-57
47        android:required="false" />
47-->[com.journeyapps:zxing-android-embedded:4.3.0] AndroidManifest.xml:35:9-33
48    <uses-feature
48-->[com.journeyapps:zxing-android-embedded:4.3.0] AndroidManifest.xml:36:5-38:36
49        android:name="android.hardware.camera.flash"
49-->[com.journeyapps:zxing-android-embedded:4.3.0] AndroidManifest.xml:37:9-53
50        android:required="false" />
50-->[com.journeyapps:zxing-android-embedded:4.3.0] AndroidManifest.xml:38:9-33
51    <uses-feature
51-->[com.journeyapps:zxing-android-embedded:4.3.0] AndroidManifest.xml:39:5-41:36
52        android:name="android.hardware.screen.landscape"
52-->[com.journeyapps:zxing-android-embedded:4.3.0] AndroidManifest.xml:40:9-57
53        android:required="false" />
53-->[com.journeyapps:zxing-android-embedded:4.3.0] AndroidManifest.xml:41:9-33
54    <uses-feature
54-->[com.journeyapps:zxing-android-embedded:4.3.0] AndroidManifest.xml:42:5-44:36
55        android:name="android.hardware.wifi"
55-->[com.journeyapps:zxing-android-embedded:4.3.0] AndroidManifest.xml:43:9-45
56        android:required="false" />
56-->[com.journeyapps:zxing-android-embedded:4.3.0] AndroidManifest.xml:44:9-33
57
58    <application
59        android:name="android.app.Application"
59-->src\main\AndroidManifest.xml:7:9-42
60        android:appComponentFactory="androidx.core.app.CoreComponentFactory"
60-->[androidx.core:core:1.13.1] AndroidManifest.xml:28:18-86
61        android:extractNativeLibs="true"
62        android:icon="@mipmap/ic_launcher"
62-->src\main\AndroidManifest.xml:8:9-43
63        android:label="jop_task" >
63-->src\main\AndroidManifest.xml:6:9-33
64        <activity
64-->src\main\AndroidManifest.xml:9:9-30:20
65            android:name="com.example.jop_task.MainActivity"
65-->src\main\AndroidManifest.xml:10:13-41
66            android:configChanges="orientation|keyboardHidden|keyboard|screenSize|smallestScreenSize|locale|layoutDirection|fontScale|screenLayout|density|uiMode"
66-->src\main\AndroidManifest.xml:15:13-163
67            android:exported="true"
67-->src\main\AndroidManifest.xml:11:13-36
68            android:hardwareAccelerated="true"
68-->src\main\AndroidManifest.xml:16:13-47
69            android:launchMode="singleTop"
69-->src\main\AndroidManifest.xml:12:13-43
70            android:taskAffinity=""
70-->src\main\AndroidManifest.xml:13:13-36
71            android:theme="@style/LaunchTheme"
71-->src\main\AndroidManifest.xml:14:13-47
72            android:windowSoftInputMode="adjustResize" >
72-->src\main\AndroidManifest.xml:17:13-55
73
74            <!--
75                 Specifies an Android theme to apply to this Activity as soon as
76                 the Android process has started. This theme is visible to the user
77                 while the Flutter UI initializes. After that, this theme continues
78                 to determine the Window background behind the Flutter UI.
79            -->
80            <meta-data
80-->src\main\AndroidManifest.xml:22:13-25:17
81                android:name="io.flutter.embedding.android.NormalTheme"
81-->src\main\AndroidManifest.xml:23:15-70
82                android:resource="@style/NormalTheme" />
82-->src\main\AndroidManifest.xml:24:15-52
83
84            <intent-filter>
84-->src\main\AndroidManifest.xml:26:13-29:29
85                <action android:name="android.intent.action.MAIN" />
85-->src\main\AndroidManifest.xml:27:17-68
85-->src\main\AndroidManifest.xml:27:25-66
86
87                <category android:name="android.intent.category.LAUNCHER" />
87-->src\main\AndroidManifest.xml:28:17-76
87-->src\main\AndroidManifest.xml:28:27-74
88            </intent-filter>
89        </activity>
90        <!--
91             Don't delete the meta-data below.
92             This is used by the Flutter tool to generate GeneratedPluginRegistrant.java
93        -->
94        <meta-data
94-->src\main\AndroidManifest.xml:33:9-35:33
95            android:name="flutterEmbedding"
95-->src\main\AndroidManifest.xml:34:13-44
96            android:value="2" />
96-->src\main\AndroidManifest.xml:35:13-30
97
98        <provider
98-->[:image_picker_android] AndroidManifest.xml:9:9-17:20
99            android:name="io.flutter.plugins.imagepicker.ImagePickerFileProvider"
99-->[:image_picker_android] AndroidManifest.xml:10:13-82
100            android:authorities="com.example.jop_task.flutter.image_provider"
100-->[:image_picker_android] AndroidManifest.xml:11:13-74
101            android:exported="false"
101-->[:image_picker_android] AndroidManifest.xml:12:13-37
102            android:grantUriPermissions="true" >
102-->[:image_picker_android] AndroidManifest.xml:13:13-47
103            <meta-data
103-->[:image_picker_android] AndroidManifest.xml:14:13-16:75
104                android:name="android.support.FILE_PROVIDER_PATHS"
104-->[:image_picker_android] AndroidManifest.xml:15:17-67
105                android:resource="@xml/flutter_image_picker_file_paths" />
105-->[:image_picker_android] AndroidManifest.xml:16:17-72
106        </provider> <!-- Trigger Google Play services to install the backported photo picker module. -->
107        <service
107-->[:image_picker_android] AndroidManifest.xml:19:9-31:19
108            android:name="com.google.android.gms.metadata.ModuleDependencies"
108-->[:image_picker_android] AndroidManifest.xml:20:13-78
109            android:enabled="false"
109-->[:image_picker_android] AndroidManifest.xml:21:13-36
110            android:exported="false" >
110-->[:image_picker_android] AndroidManifest.xml:22:13-37
111            <intent-filter>
111-->[:image_picker_android] AndroidManifest.xml:24:13-26:29
112                <action android:name="com.google.android.gms.metadata.MODULE_DEPENDENCIES" />
112-->[:image_picker_android] AndroidManifest.xml:25:17-94
112-->[:image_picker_android] AndroidManifest.xml:25:25-91
113            </intent-filter>
114
115            <meta-data
115-->[:image_picker_android] AndroidManifest.xml:28:13-30:36
116                android:name="photopicker_activity:0:required"
116-->[:image_picker_android] AndroidManifest.xml:29:17-63
117                android:value="" />
117-->[:image_picker_android] AndroidManifest.xml:30:17-33
118        </service>
119        <service
119-->[com.google.android.gms:play-services-mlkit-barcode-scanning:18.3.0] AndroidManifest.xml:9:9-15:19
120            android:name="com.google.mlkit.common.internal.MlKitComponentDiscoveryService"
120-->[com.google.android.gms:play-services-mlkit-barcode-scanning:18.3.0] AndroidManifest.xml:10:13-91
121            android:directBootAware="true"
121-->[com.google.mlkit:common:18.9.0] AndroidManifest.xml:17:13-43
122            android:exported="false" >
122-->[com.google.android.gms:play-services-mlkit-barcode-scanning:18.3.0] AndroidManifest.xml:11:13-37
123            <meta-data
123-->[com.google.android.gms:play-services-mlkit-barcode-scanning:18.3.0] AndroidManifest.xml:12:13-14:85
124                android:name="com.google.firebase.components:com.google.mlkit.vision.barcode.internal.BarcodeRegistrar"
124-->[com.google.android.gms:play-services-mlkit-barcode-scanning:18.3.0] AndroidManifest.xml:13:17-120
125                android:value="com.google.firebase.components.ComponentRegistrar" />
125-->[com.google.android.gms:play-services-mlkit-barcode-scanning:18.3.0] AndroidManifest.xml:14:17-82
126            <meta-data
126-->[com.google.mlkit:vision-common:17.3.0] AndroidManifest.xml:12:13-14:85
127                android:name="com.google.firebase.components:com.google.mlkit.vision.common.internal.VisionCommonRegistrar"
127-->[com.google.mlkit:vision-common:17.3.0] AndroidManifest.xml:13:17-124
128                android:value="com.google.firebase.components.ComponentRegistrar" />
128-->[com.google.mlkit:vision-common:17.3.0] AndroidManifest.xml:14:17-82
129            <meta-data
129-->[com.google.mlkit:common:18.9.0] AndroidManifest.xml:20:13-22:85
130                android:name="com.google.firebase.components:com.google.mlkit.common.internal.CommonComponentRegistrar"
130-->[com.google.mlkit:common:18.9.0] AndroidManifest.xml:21:17-120
131                android:value="com.google.firebase.components.ComponentRegistrar" />
131-->[com.google.mlkit:common:18.9.0] AndroidManifest.xml:22:17-82
132        </service>
133
134        <provider
134-->[com.google.mlkit:common:18.9.0] AndroidManifest.xml:9:9-13:38
135            android:name="com.google.mlkit.common.internal.MlKitInitProvider"
135-->[com.google.mlkit:common:18.9.0] AndroidManifest.xml:10:13-78
136            android:authorities="com.example.jop_task.mlkitinitprovider"
136-->[com.google.mlkit:common:18.9.0] AndroidManifest.xml:11:13-69
137            android:exported="false"
137-->[com.google.mlkit:common:18.9.0] AndroidManifest.xml:12:13-37
138            android:initOrder="99" />
138-->[com.google.mlkit:common:18.9.0] AndroidManifest.xml:13:13-35
139
140        <activity
140-->[com.google.android.gms:play-services-base:18.1.0] AndroidManifest.xml:20:9-22:45
141            android:name="com.google.android.gms.common.api.GoogleApiActivity"
141-->[com.google.android.gms:play-services-base:18.1.0] AndroidManifest.xml:20:19-85
142            android:exported="false"
142-->[com.google.android.gms:play-services-base:18.1.0] AndroidManifest.xml:22:19-43
143            android:theme="@android:style/Theme.Translucent.NoTitleBar" />
143-->[com.google.android.gms:play-services-base:18.1.0] AndroidManifest.xml:21:19-78
144
145        <meta-data
145-->[com.google.android.gms:play-services-basement:18.1.0] AndroidManifest.xml:21:9-23:69
146            android:name="com.google.android.gms.version"
146-->[com.google.android.gms:play-services-basement:18.1.0] AndroidManifest.xml:22:13-58
147            android:value="@integer/google_play_services_version" />
147-->[com.google.android.gms:play-services-basement:18.1.0] AndroidManifest.xml:23:13-66
148        <!--
149        Service for holding metadata. Cannot be instantiated.
150        Metadata will be merged from other manifests.
151        -->
152        <service
152-->[androidx.camera:camera-core:1.3.4] AndroidManifest.xml:29:9-33:78
153            android:name="androidx.camera.core.impl.MetadataHolderService"
153-->[androidx.camera:camera-core:1.3.4] AndroidManifest.xml:30:13-75
154            android:enabled="false"
154-->[androidx.camera:camera-core:1.3.4] AndroidManifest.xml:31:13-36
155            android:exported="false" >
155-->[androidx.camera:camera-core:1.3.4] AndroidManifest.xml:32:13-37
156            <meta-data
156-->[androidx.camera:camera-camera2:1.3.4] AndroidManifest.xml:30:13-32:89
157                android:name="androidx.camera.core.impl.MetadataHolderService.DEFAULT_CONFIG_PROVIDER"
157-->[androidx.camera:camera-camera2:1.3.4] AndroidManifest.xml:31:17-103
158                android:value="androidx.camera.camera2.Camera2Config$DefaultProvider" />
158-->[androidx.camera:camera-camera2:1.3.4] AndroidManifest.xml:32:17-86
159        </service>
160
161        <uses-library
161-->[androidx.window:window:1.2.0] AndroidManifest.xml:23:9-25:40
162            android:name="androidx.window.extensions"
162-->[androidx.window:window:1.2.0] AndroidManifest.xml:24:13-54
163            android:required="false" />
163-->[androidx.window:window:1.2.0] AndroidManifest.xml:25:13-37
164        <uses-library
164-->[androidx.window:window:1.2.0] AndroidManifest.xml:26:9-28:40
165            android:name="androidx.window.sidecar"
165-->[androidx.window:window:1.2.0] AndroidManifest.xml:27:13-51
166            android:required="false" />
166-->[androidx.window:window:1.2.0] AndroidManifest.xml:28:13-37
167
168        <provider
168-->[androidx.emoji2:emoji2:1.0.0] AndroidManifest.xml:26:9-34:20
169            android:name="androidx.startup.InitializationProvider"
169-->[androidx.emoji2:emoji2:1.0.0] AndroidManifest.xml:27:13-67
170            android:authorities="com.example.jop_task.androidx-startup"
170-->[androidx.emoji2:emoji2:1.0.0] AndroidManifest.xml:28:13-68
171            android:exported="false" >
171-->[androidx.emoji2:emoji2:1.0.0] AndroidManifest.xml:29:13-37
172            <meta-data
172-->[androidx.emoji2:emoji2:1.0.0] AndroidManifest.xml:31:13-33:52
173                android:name="androidx.emoji2.text.EmojiCompatInitializer"
173-->[androidx.emoji2:emoji2:1.0.0] AndroidManifest.xml:32:17-75
174                android:value="androidx.startup" />
174-->[androidx.emoji2:emoji2:1.0.0] AndroidManifest.xml:33:17-49
175            <meta-data
175-->[androidx.lifecycle:lifecycle-process:2.7.0] AndroidManifest.xml:29:13-31:52
176                android:name="androidx.lifecycle.ProcessLifecycleInitializer"
176-->[androidx.lifecycle:lifecycle-process:2.7.0] AndroidManifest.xml:30:17-78
177                android:value="androidx.startup" />
177-->[androidx.lifecycle:lifecycle-process:2.7.0] AndroidManifest.xml:31:17-49
178            <meta-data
178-->[androidx.profileinstaller:profileinstaller:1.3.1] AndroidManifest.xml:29:13-31:52
179                android:name="androidx.profileinstaller.ProfileInstallerInitializer"
179-->[androidx.profileinstaller:profileinstaller:1.3.1] AndroidManifest.xml:30:17-85
180                android:value="androidx.startup" />
180-->[androidx.profileinstaller:profileinstaller:1.3.1] AndroidManifest.xml:31:17-49
181        </provider>
182
183        <receiver
183-->[androidx.profileinstaller:profileinstaller:1.3.1] AndroidManifest.xml:34:9-52:20
184            android:name="androidx.profileinstaller.ProfileInstallReceiver"
184-->[androidx.profileinstaller:profileinstaller:1.3.1] AndroidManifest.xml:35:13-76
185            android:directBootAware="false"
185-->[androidx.profileinstaller:profileinstaller:1.3.1] AndroidManifest.xml:36:13-44
186            android:enabled="true"
186-->[androidx.profileinstaller:profileinstaller:1.3.1] AndroidManifest.xml:37:13-35
187            android:exported="true"
187-->[androidx.profileinstaller:profileinstaller:1.3.1] AndroidManifest.xml:38:13-36
188            android:permission="android.permission.DUMP" >
188-->[androidx.profileinstaller:profileinstaller:1.3.1] AndroidManifest.xml:39:13-57
189            <intent-filter>
189-->[androidx.profileinstaller:profileinstaller:1.3.1] AndroidManifest.xml:40:13-42:29
190                <action android:name="androidx.profileinstaller.action.INSTALL_PROFILE" />
190-->[androidx.profileinstaller:profileinstaller:1.3.1] AndroidManifest.xml:41:17-91
190-->[androidx.profileinstaller:profileinstaller:1.3.1] AndroidManifest.xml:41:25-88
191            </intent-filter>
192            <intent-filter>
192-->[androidx.profileinstaller:profileinstaller:1.3.1] AndroidManifest.xml:43:13-45:29
193                <action android:name="androidx.profileinstaller.action.SKIP_FILE" />
193-->[androidx.profileinstaller:profileinstaller:1.3.1] AndroidManifest.xml:44:17-85
193-->[androidx.profileinstaller:profileinstaller:1.3.1] AndroidManifest.xml:44:25-82
194            </intent-filter>
195            <intent-filter>
195-->[androidx.profileinstaller:profileinstaller:1.3.1] AndroidManifest.xml:46:13-48:29
196                <action android:name="androidx.profileinstaller.action.SAVE_PROFILE" />
196-->[androidx.profileinstaller:profileinstaller:1.3.1] AndroidManifest.xml:47:17-88
196-->[androidx.profileinstaller:profileinstaller:1.3.1] AndroidManifest.xml:47:25-85
197            </intent-filter>
198            <intent-filter>
198-->[androidx.profileinstaller:profileinstaller:1.3.1] AndroidManifest.xml:49:13-51:29
199                <action android:name="androidx.profileinstaller.action.BENCHMARK_OPERATION" />
199-->[androidx.profileinstaller:profileinstaller:1.3.1] AndroidManifest.xml:50:17-95
199-->[androidx.profileinstaller:profileinstaller:1.3.1] AndroidManifest.xml:50:25-92
200            </intent-filter>
201        </receiver>
202
203        <service
203-->[com.google.android.datatransport:transport-backend-cct:2.3.3] AndroidManifest.xml:29:9-35:19
204            android:name="com.google.android.datatransport.runtime.backends.TransportBackendDiscovery"
204-->[com.google.android.datatransport:transport-backend-cct:2.3.3] AndroidManifest.xml:30:13-103
205            android:exported="false" >
205-->[com.google.android.datatransport:transport-backend-cct:2.3.3] AndroidManifest.xml:31:13-37
206            <meta-data
206-->[com.google.android.datatransport:transport-backend-cct:2.3.3] AndroidManifest.xml:32:13-34:39
207                android:name="backend:com.google.android.datatransport.cct.CctBackendFactory"
207-->[com.google.android.datatransport:transport-backend-cct:2.3.3] AndroidManifest.xml:33:17-94
208                android:value="cct" />
208-->[com.google.android.datatransport:transport-backend-cct:2.3.3] AndroidManifest.xml:34:17-36
209        </service>
210        <service
210-->[com.google.android.datatransport:transport-runtime:2.2.6] AndroidManifest.xml:26:9-30:19
211            android:name="com.google.android.datatransport.runtime.scheduling.jobscheduling.JobInfoSchedulerService"
211-->[com.google.android.datatransport:transport-runtime:2.2.6] AndroidManifest.xml:27:13-117
212            android:exported="false"
212-->[com.google.android.datatransport:transport-runtime:2.2.6] AndroidManifest.xml:28:13-37
213            android:permission="android.permission.BIND_JOB_SERVICE" >
213-->[com.google.android.datatransport:transport-runtime:2.2.6] AndroidManifest.xml:29:13-69
214        </service>
215
216        <receiver
216-->[com.google.android.datatransport:transport-runtime:2.2.6] AndroidManifest.xml:32:9-34:40
217            android:name="com.google.android.datatransport.runtime.scheduling.jobscheduling.AlarmManagerSchedulerBroadcastReceiver"
217-->[com.google.android.datatransport:transport-runtime:2.2.6] AndroidManifest.xml:33:13-132
218            android:exported="false" />
218-->[com.google.android.datatransport:transport-runtime:2.2.6] AndroidManifest.xml:34:13-37
219
220        <activity
220-->[com.journeyapps:zxing-android-embedded:4.3.0] AndroidManifest.xml:47:9-53:63
221            android:name="com.journeyapps.barcodescanner.CaptureActivity"
221-->[com.journeyapps:zxing-android-embedded:4.3.0] AndroidManifest.xml:48:13-74
222            android:clearTaskOnLaunch="true"
222-->[com.journeyapps:zxing-android-embedded:4.3.0] AndroidManifest.xml:49:13-45
223            android:screenOrientation="sensorLandscape"
223-->[com.journeyapps:zxing-android-embedded:4.3.0] AndroidManifest.xml:50:13-56
224            android:stateNotNeeded="true"
224-->[com.journeyapps:zxing-android-embedded:4.3.0] AndroidManifest.xml:51:13-42
225            android:theme="@style/zxing_CaptureTheme"
225-->[com.journeyapps:zxing-android-embedded:4.3.0] AndroidManifest.xml:52:13-54
226            android:windowSoftInputMode="stateAlwaysHidden" />
226-->[com.journeyapps:zxing-android-embedded:4.3.0] AndroidManifest.xml:53:13-60
227    </application>
228
229</manifest>